[    0.000000] Linux version 4.15.0-121-generic (buildd@lgw01-amd64-034) (gcc version 7.5.0 (Ubuntu 7.5.0-3ubuntu1~18.04)) #123-Ubuntu SMP Mon Oct 5 16:16:40 UTC 2020 (Ubuntu 4.15.0-121.123-generic 4.15.18)
[    0.000000] Command line: BOOT_IMAGE=/boot/vmlinuz-4.15.0-121-generic root=LABEL=cloudimg-rootfs ro console=tty1 console=ttyS0
[    0.000000] KERNEL supported cpus:
[    0.000000]   Intel GenuineIntel
[    0.000000]   AMD AuthenticAMD
[    0.000000]   Centaur CentaurHauls
[    0.000000] x86/fpu: Supporting XSAVE feature 0x001: 'x87 floating point registers'
[    0.000000] x86/fpu: Supporting XSAVE feature 0x002: 'SSE registers'
[    0.000000] x86/fpu: Supporting XSAVE feature 0x004: 'AVX registers'
[    0.000000] x86/fpu: xstate_offset[2]:  576, xstate_sizes[2]:  256
[    0.000000] x86/fpu: Enabled xstate features 0x7, context size is 832 bytes, using 'standard' format.
[    0.000000] e820: BIOS-provided physical RAM map:
[    0.000000] BIOS-e820: [mem 0x0000000000000000-0x000000000009fbff] usable
[    0.000000] BIOS-e820: [mem 0x000000000009fc00-0x000000000009ffff] reserved
[    0.000000] BIOS-e820: [mem 0x00000000000f0000-0x00000000000fffff] reserved
[    0.000000] BIOS-e820: [mem 0x0000000000100000-0x000000003ffeffff] usable
[    0.000000] BIOS-e820: [mem 0x000000003fff0000-0x000000003fffffff] ACPI data
[    0.000000] BIOS-e820: [mem 0x00000000fec00000-0x00000000fec00fff] reserved
[    0.000000] BIOS-e820: [mem 0x00000000fee00000-0x00000000fee00fff] reserved
[    0.000000] BIOS-e820: [mem 0x00000000fffc0000-0x00000000ffffffff] reserved
[    0.000000] NX (Execute Disable) protection: active
[    0.000000] SMBIOS 2.5 present.
[    0.000000] DMI: innotek GmbH VirtualBox/VirtualBox, BIOS VirtualBox 12/01/2006
[    0.000000] Hypervisor detected: KVM
[    0.000000] e820: last_pfn = 0x3fff0 max_arch_pfn = 0x400000000
[    0.000000] MTRR: Disabled
[    0.000000] x86/PAT: MTRRs disabled, skipping PAT initialization too.
[    0.000000] CPU MTRRs all blank - virtualized system.
[    0.000000] x86/PAT: Configuration [0-7]: WB  WT  UC- UC  WB  WT  UC- UC  
[    0.000000] found SMP MP-table at [mem 0x0009fff0-0x0009ffff]
[    0.000000] Scanning 1 areas for low memory corruption
[    0.000000] RAMDISK: [mem 0x35a63000-0x36d28fff]
[    0.000000] ACPI: Early table checksum verification disabled
[    0.000000] ACPI: RSDP 0x00000000000E0000 000024 (v02 VBOX  )
[    0.000000] ACPI: XSDT 0x000000003FFF0030 00003C (v01 VBOX   VBOXXSDT 00000001 ASL  00000061)
[    0.000000] ACPI: FACP 0x000000003FFF00F0 0000F4 (v04 VBOX   VBOXFACP 00000001 ASL  00000061)
[    0.000000] ACPI: DSDT 0x000000003FFF0470 002325 (v02 VBOX   VBOXBIOS 00000002 INTL 20190509)
[    0.000000] ACPI: FACS 0x000000003FFF0200 000040
[    0.000000] ACPI: FACS 0x000000003FFF0200 000040
[    0.000000] ACPI: APIC 0x000000003FFF0240 00005C (v02 VBOX   VBOXAPIC 00000001 ASL  00000061)
[    0.000000] ACPI: SSDT 0x000000003FFF02A0 0001CC (v01 VBOX   VBOXCPUT 00000002 INTL 20190509)
[    0.000000] No NUMA configuration found
[    0.000000] Faking a node at [mem 0x0000000000000000-0x000000003ffeffff]
[    0.000000] NODE_DATA(0) allocated [mem 0x3ffc5000-0x3ffeffff]
[    0.000000] kvm-clock: cpu 0, msr 0:3ff44001, primary cpu clock
[    0.000000] kvm-clock: Using msrs 4b564d01 and 4b564d00
[    0.000000] kvm-clock: using sched offset of 3364415114 cycles
[    0.000000] clocksource: kvm-clock: mask: 0xffffffffffffffff max_cycles: 0x1cd42e4dffb, max_idle_ns: 881590591483 ns
[    0.000000] Zone ranges:
[    0.000000]   DMA      [mem 0x0000000000001000-0x0000000000ffffff]
[    0.000000]   DMA32    [mem 0x0000000001000000-0x000000003ffeffff]
[    0.000000]   Normal   empty
[    0.000000]   Device   empty
[    0.000000] Movable zone start for each node
[    0.000000] Early memory node ranges
[    0.000000]   node   0: [mem 0x0000000000001000-0x000000000009efff]
[    0.000000]   node   0: [mem 0x0000000000100000-0x000000003ffeffff]
[    0.000000] Reserved but unavailable: 98 pages
[    0.000000] Initmem setup node 0 [mem 0x0000000000001000-0x000000003ffeffff]
[    0.000000] ACPI: PM-Timer IO Port: 0x4008
[    0.000000] IOAPIC[0]: apic_id 2, version 32, address 0xfec00000, GSI 0-23
[    0.000000] ACPI: INT_SRC_OVR (bus 0 bus_irq 0 global_irq 2 dfl dfl)
[    0.000000] ACPI: INT_SRC_OVR (bus 0 bus_irq 9 global_irq 9 low level)
[    0.000000] Using ACPI (MADT) for SMP configuration information
[    0.000000] smpboot: Allowing 2 CPUs, 0 hotplug CPUs
[    0.000000] PM: Registered nosave memory: [mem 0x00000000-0x00000fff]
[    0.000000] PM: Registered nosave memory: [mem 0x0009f000-0x0009ffff]
[    0.000000] PM: Registered nosave memory: [mem 0x000a0000-0x000effff]
[    0.000000] PM: Registered nosave memory: [mem 0x000f0000-0x000fffff]
[    0.000000] e820: [mem 0x40000000-0xfebfffff] available for PCI devices
[    0.000000] Booting paravirtualized kernel on KVM
[    0.000000] clocksource: refined-jiffies: mask: 0xffffffff max_cycles: 0xffffffff, max_idle_ns: 7645519600211568 ns
[    0.000000] random: get_random_bytes called from start_kernel+0x99/0x500 with crng_init=0
[    0.000000] setup_percpu: NR_CPUS:8192 nr_cpumask_bits:2 nr_cpu_ids:2 nr_node_ids:1
[    0.000000] percpu: Embedded 45 pages/cpu s147456 r8192 d28672 u1048576
[    0.000000] PV qspinlock hash table entries: 256 (order: 0, 4096 bytes)
[    0.000000] Built 1 zonelists, mobility grouping on.  Total pages: 257913
[    0.000000] Policy zone: DMA32
[    0.000000] Kernel command line: BOOT_IMAGE=/boot/vmlinuz-4.15.0-121-generic root=LABEL=cloudimg-rootfs ro console=tty1 console=ttyS0
[    0.000000] Memory: 983024K/1048120K available (12300K kernel code, 2482K rwdata, 4272K rodata, 2436K init, 2724K bss, 65096K reserved, 0K cma-reserved)
[    0.000000] SLUB: HWalign=64, Order=0-3, MinObjects=0, CPUs=2, Nodes=1
[    0.000000] Kernel/User page tables isolation: enabled
[    0.000000] ftrace: allocating 39402 entries in 154 pages
[    0.004000] Hierarchical RCU implementation.
[    0.004000] 	RCU restricting CPUs from NR_CPUS=8192 to nr_cpu_ids=2.
[    0.004000] 	Tasks RCU enabled.
[    0.004000] RCU: Adjusting geometry for rcu_fanout_leaf=16, nr_cpu_ids=2
[    0.004000] NR_IRQS: 524544, nr_irqs: 440, preallocated irqs: 16
[    0.004000] Console: colour VGA+ 80x25
[    0.004000] console [tty1] enabled
[    0.004000] console [ttyS0] enabled
[    0.004000] ACPI: Core revision 20170831
[    0.004000] ACPI: 2 ACPI AML tables successfully acquired and loaded
[    0.004000] APIC: Switch to symmetric I/O mode setup
[    0.004000] x2apic enabled
[    0.004000] Switched APIC routing to physical x2apic.
[    0.004000] ..TIMER: vector=0x30 apic1=0 pin1=2 apic2=-1 pin2=-1
[    0.004005] tsc: Detected 2303.974 MHz processor
[    0.004748] Calibrating delay loop (skipped) preset value.. 4607.94 BogoMIPS (lpj=9215896)
[    0.005303] pid_max: default: 32768 minimum: 301
[    0.007046] Security Framework initialized
[    0.008000] Yama: becoming mindful.
[    0.008026] AppArmor: AppArmor initialized
[    0.009516] Dentry cache hash table entries: 131072 (order: 8, 1048576 bytes)
[    0.012060] Inode-cache hash table entries: 65536 (order: 7, 524288 bytes)
[    0.013141] Mount-cache hash table entries: 2048 (order: 2, 16384 bytes)
[    0.014238] Mountpoint-cache hash table entries: 2048 (order: 2, 16384 bytes)
[    0.016316] Last level iTLB entries: 4KB 64, 2MB 8, 4MB 8
[    0.017247] Last level dTLB entries: 4KB 64, 2MB 0, 4MB 0, 1GB 4
[    0.018224] Spectre V1 : Mitigation: usercopy/swapgs barriers and __user pointer sanitization
[    0.020004] Spectre V2 : Mitigation: Full generic retpoline
[    0.020904] Spectre V2 : Spectre v2 / SpectreRSB mitigation: Filling RSB on context switch
[    0.022216] Speculative Store Bypass: Vulnerable
[    0.023030] SRBDS: Unknown: Dependent on hypervisor status
[    0.024003] MDS: Mitigation: Clear CPU buffers
[    0.024930] Freeing SMP alternatives memory: 36K
[    0.136475] smpboot: CPU0: Intel(R) Core(TM) i7-10510U CPU @ 1.80GHz (family: 0x6, model: 0x8e, stepping: 0xc)
[    0.137814] Performance Events: unsupported p6 CPU model 142 no PMU driver, software events only.
[    0.138973] Hierarchical SRCU implementation.
[    0.140000] NMI watchdog: Perf event create on CPU 0 failed with -2
[    0.140002] NMI watchdog: Perf NMI watchdog permanently disabled
[    0.140853] smp: Bringing up secondary CPUs ...
[    0.141587] x86: Booting SMP configuration:
[    0.142200] .... node  #0, CPUs:      #1
[    0.004000] kvm-clock: cpu 1, msr 0:3ff44041, secondary cpu clock
[    0.146570] smp: Brought up 1 node, 2 CPUs
[    0.146570] smpboot: Max logical packages: 1
[    0.146570] smpboot: Total of 2 processors activated (9215.89 BogoMIPS)
[    0.148133] devtmpfs: initialized
[    0.148572] x86/mm: Memory block size: 128MB
[    0.149396] evm: security.selinux
[    0.149944] evm: security.SMACK64
[    0.150498] evm: security.SMACK64EXEC
[    0.152003] evm: security.SMACK64TRANSMUTE
[    0.152681] evm: security.SMACK64MMAP
[    0.153269] evm: security.apparmor
[    0.153822] evm: security.ima
[    0.154362] evm: security.capability
[    0.155089] clocksource: jiffies: mask: 0xffffffff max_cycles: 0xffffffff, max_idle_ns: 7645041785100000 ns
[    0.156009] futex hash table entries: 512 (order: 3, 32768 bytes)
[    0.157643] pinctrl core: initialized pinctrl subsystem
[    0.160140] RTC time: 21:25:52, date: 10/17/20
[    0.161674] NET: Registered protocol family 16
[    0.162509] audit: initializing netlink subsys (disabled)
[    0.164006] audit: type=2000 audit(1602969957.589:1): state=initialized audit_enabled=0 res=1
[    0.165425] cpuidle: using governor ladder
[    0.165425] cpuidle: using governor menu
[    0.165780] ACPI: bus type PCI registered
[    0.168015] acpiphp: ACPI Hot Plug PCI Controller Driver version: 0.5
[    0.169393] PCI: Using configuration type 1 for base access
[    0.172199] HugeTLB registered 2.00 MiB page size, pre-allocated 0 pages
[    0.173195] ACPI: Added _OSI(Module Device)
[    0.173195] ACPI: Added _OSI(Processor Device)
[    0.173560] ACPI: Added _OSI(3.0 _SCP Extensions)
[    0.176005] ACPI: Added _OSI(Processor Aggregator Device)
[    0.176925] ACPI: Added _OSI(Linux-Dell-Video)
[    0.179094] ACPI: Added _OSI(Linux-Lenovo-NV-HDMI-Audio)
[    0.180013] ACPI: Added _OSI(Linux-HPI-Hybrid-Graphics)
[    0.181223] ACPI: Executed 1 blocks of module-level executable AML code
[    0.186302] ACPI: Interpreter enabled
[    0.186988] ACPI: (supports S0 S5)
[    0.187633] ACPI: Using IOAPIC for interrupt routing
[    0.188283] PCI: Using host bridge windows from ACPI; if necessary, use "pci=nocrs" and report a bug
[    0.189974] ACPI: Enabled 2 GPEs in block 00 to 07
[    0.198057] ACPI: PCI Root Bridge [PCI0] (domain 0000 [bus 00-ff])
[    0.199265] acpi PNP0A03:00: _OSC: OS supports [ASPM ClockPM Segments MSI]
[    0.200596] acpi PNP0A03:00: _OSC: not requesting OS control; OS requires [ExtendedConfig ASPM ClockPM MSI]
[    0.202216] acpi PNP0A03:00: fail to add MMCONFIG information, can't access extended PCI configuration space under this bridge.
[    0.204441] PCI host bridge to bus 0000:00
[    0.205196] pci_bus 0000:00: root bus resource [io  0x0000-0x0cf7 window]
[    0.206389] pci_bus 0000:00: root bus resource [io  0x0d00-0xffff window]
[    0.208005] pci_bus 0000:00: root bus resource [mem 0x000a0000-0x000bffff window]
[    0.209366] pci_bus 0000:00: root bus resource [mem 0x40000000-0xfdffffff window]
[    0.210740] pci_bus 0000:00: root bus resource [bus 00-ff]
[    0.213709] pci 0000:00:01.1: legacy IDE quirk: reg 0x10: [io  0x01f0-0x01f7]
[    0.215014] pci 0000:00:01.1: legacy IDE quirk: reg 0x14: [io  0x03f6]
[    0.216004] pci 0000:00:01.1: legacy IDE quirk: reg 0x18: [io  0x0170-0x0177]
[    0.218034] pci 0000:00:01.1: legacy IDE quirk: reg 0x1c: [io  0x0376]
[    0.234338] pci 0000:00:07.0: quirk: [io  0x4000-0x403f] claimed by PIIX4 ACPI
[    0.235701] pci 0000:00:07.0: quirk: [io  0x4100-0x410f] claimed by PIIX4 SMB
[    0.247271] ACPI: PCI Interrupt Link [LNKA] (IRQs 5 9 10 *11)
[    0.248461] ACPI: PCI Interrupt Link [LNKB] (IRQs 5 9 *10 11)
[    0.249607] ACPI: PCI Interrupt Link [LNKC] (IRQs 5 *9 10 11)
[    0.252125] ACPI: PCI Interrupt Link [LNKD] (IRQs 5 9 10 *11)
[    0.253505] SCSI subsystem initialized
[    0.254215] pci 0000:00:02.0: vgaarb: setting as boot VGA device
[    0.254215] pci 0000:00:02.0: vgaarb: VGA device added: decodes=io+mem,owns=io+mem,locks=none
[    0.256013] pci 0000:00:02.0: vgaarb: bridge control possible
[    0.257047] vgaarb: loaded
[    0.257613] ACPI: bus type USB registered
[    0.258483] usbcore: registered new interface driver usbfs
[    0.260030] usbcore: registered new interface driver hub
[    0.261047] usbcore: registered new device driver usb
[    0.262005] EDAC MC: Ver: 3.0.0
[    0.264041] PCI: Using ACPI for IRQ routing
[    0.265052] NetLabel: Initializing
[    0.265700] NetLabel:  domain hash size = 128
[    0.266485] NetLabel:  protocols = UNLABELED CIPSOv4 CALIPSO
[    0.267471] NetLabel:  unlabeled traffic allowed by default
[    0.268117] clocksource: Switched to clocksource kvm-clock
[    0.285464] VFS: Disk quotas dquot_6.6.0
[    0.286539] VFS: Dquot-cache hash table entries: 512 (order 0, 4096 bytes)
[    0.287921] AppArmor: AppArmor Filesystem Enabled
[    0.288908] pnp: PnP ACPI init
[    0.290493] pnp: PnP ACPI: found 3 devices
[    0.300268] clocksource: acpi_pm: mask: 0xffffff max_cycles: 0xffffff, max_idle_ns: 2085701024 ns
[    0.301565] NET: Registered protocol family 2
[    0.302313] TCP established hash table entries: 8192 (order: 4, 65536 bytes)
[    0.303273] TCP bind hash table entries: 8192 (order: 5, 131072 bytes)
[    0.304727] TCP: Hash tables configured (established 8192 bind 8192)
[    0.305664] UDP hash table entries: 512 (order: 2, 16384 bytes)
[    0.306482] UDP-Lite hash table entries: 512 (order: 2, 16384 bytes)
[    0.307417] NET: Registered protocol family 1
[    0.308076] pci 0000:00:00.0: Limiting direct PCI/PCI transfers
[    0.309004] pci 0000:00:01.0: Activating ISA DMA hang workarounds
[    0.309967] pci 0000:00:02.0: Video device with shadowed ROM at [mem 0x000c0000-0x000dffff]
[    0.311402] Unpacking initramfs...
[    0.605160] Freeing initrd memory: 19224K
[    0.605970] clocksource: tsc: mask: 0xffffffffffffffff max_cycles: 0x2135df487ba, max_idle_ns: 440795275655 ns
[    0.607355] platform rtc_cmos: registered platform RTC device (no PNP device found)
[    0.608476] Scanning for low memory corruption every 60 seconds
[    0.610071] Initialise system trusted keyrings
[    0.610697] Key type blacklist registered
[    0.611323] workingset: timestamp_bits=36 max_order=18 bucket_order=0
[    0.613087] zbud: loaded
[    0.614065] squashfs: version 4.0 (2009/01/31) Phillip Lougher
[    0.615124] fuse init (API version 7.26)
[    0.621407] Key type asymmetric registered
[    0.622024] Asymmetric key parser 'x509' registered
[    0.622833] Block layer SCSI generic (bsg) driver version 0.4 loaded (major 246)
[    0.623958] io scheduler noop registered
[    0.624692] io scheduler deadline registered
[    0.625621] io scheduler cfq registered (default)
[    0.626805] ACPI: AC Adapter [AC] (off-line)
[    0.627636] input: Power Button as /devices/LNXSYSTM:00/LNXPWRBN:00/input/input0
[    0.628867] ACPI: Power Button [PWRF]
[    0.629496] input: Sleep Button as /devices/LNXSYSTM:00/LNXSLPBN:00/input/input1
[    0.630534] ACPI: Sleep Button [SLPF]
[    0.632019] ACPI: Battery Slot [BAT0] (battery present)
[    0.632158] Serial: 8250/16550 driver, 32 ports, IRQ sharing enabled
[    0.654450] 00:02: ttyS0 at I/O 0x3f8 (irq = 4, base_baud = 115200) is a 16550A
[    0.656926] Linux agpgart interface v0.103
[    0.658733] loop: module loaded
[    0.659999] scsi host0: ata_piix
[    0.660601] scsi host1: ata_piix
[    0.661123] ata1: PATA max UDMA/33 cmd 0x1f0 ctl 0x3f6 bmdma 0xd000 irq 14
[    0.662075] ata2: PATA max UDMA/33 cmd 0x170 ctl 0x376 bmdma 0xd008 irq 15
[    0.663194] libphy: Fixed MDIO Bus: probed
[    0.663898] tun: Universal TUN/TAP device driver, 1.6
[    0.664878] PPP generic driver version 2.4.2
[    0.665659] ehci_hcd: USB 2.0 'Enhanced' Host Controller (EHCI) Driver
[    0.666706] ehci-pci: EHCI PCI platform driver
[    0.667528] ehci-platform: EHCI generic platform driver
[    0.668492] ohci_hcd: USB 1.1 'Open' Host Controller (OHCI) Driver
[    0.669451] ohci-pci: OHCI PCI platform driver
[    0.670257] ohci-platform: OHCI generic platform driver
[    0.671135] uhci_hcd: USB Universal Host Controller Interface driver
[    0.672119] i8042: PNP: PS/2 Controller [PNP0303:PS2K,PNP0f03:PS2M] at 0x60,0x64 irq 1,12
[    0.673852] serio: i8042 KBD port at 0x60,0x64 irq 1
[    0.674624] serio: i8042 AUX port at 0x60,0x64 irq 12
[    0.675451] mousedev: PS/2 mouse device common for all mice
[    0.676693] input: AT Translated Set 2 keyboard as /devices/platform/i8042/serio0/input/input2
[    0.678719] rtc_cmos rtc_cmos: rtc core: registered rtc_cmos as rtc0
[    0.679750] rtc_cmos rtc_cmos: alarms up to one day, 114 bytes nvram
[    0.680764] i2c /dev entries driver
[    0.681572] device-mapper: uevent: version 1.0.3
[    0.682569] device-mapper: ioctl: 4.37.0-ioctl (2017-09-20) initialised: dm-devel@redhat.com
[    0.684003] ledtrig-cpu: registered to indicate activity on CPUs
[    0.685449] NET: Registered protocol family 10
[    0.690015] Segment Routing with IPv6
[    0.690715] NET: Registered protocol family 17
[    0.691555] Key type dns_resolver registered
[    0.692472] mce: Using 0 MCE banks
[    0.693072] RAS: Correctable Errors collector initialized.
[    0.694024] sched_clock: Marking stable (692394055, 0)->(830234928, -137840873)
[    0.695543] registered taskstats version 1
[    0.696310] Loading compiled-in X.509 certificates
[    0.699909] Loaded X.509 cert 'Build time autogenerated kernel key: 517b2180bafe62ad6f81db3336688475b28504c0'
[    0.701913] zswap: loaded using pool lzo/zbud
[    0.706740] Key type big_key registered
[    0.707413] Key type trusted registered
[    0.709959] Key type encrypted registered
[    0.710706] AppArmor: AppArmor sha1 policy hashing enabled
[    0.711762] ima: No TPM chip found, activating TPM-bypass! (rc=-19)
[    0.713083] ima: Allocated hash algorithm: sha1
[    0.713965] evm: HMAC attrs: 0x1
[    0.715081]   Magic number: 8:904:449
[    0.715907] rtc_cmos rtc_cmos: setting system clock to 2020-10-17 21:25:53 UTC (1602969953)
[    0.717724] BIOS EDD facility v0.16 2004-Jun-25, 0 devices found
[    0.718924] EDD information not available.
[    0.847793] Freeing unused kernel image memory: 2436K
[    0.860072] Write protecting the kernel read-only data: 20480k
[    0.861751] Freeing unused kernel image memory: 2008K
[    0.862972] Freeing unused kernel image memory: 1872K
[    0.874143] x86/mm: Checked W+X mappings: passed, no W+X pages found.
[    0.875264] x86/mm: Checking user space page tables
[    0.885377] x86/mm: Checked W+X mappings: passed, no W+X pages found.
Loading, please wait...
starting version 237
[    0.955764] e1000: Intel(R) PRO/1000 Network Driver - version 7.3.21-k8-NAPI
[    0.956758] e1000: Copyright (c) 1999-2006 Intel Corporation.
[    0.958076] Fusion MPT base driver 3.04.20
[    0.958675] Copyright (c) 1999-2008 LSI Corporation
[    0.966098] Fusion MPT SPI Host driver 3.04.20
[    0.970274] AVX2 version of gcm_enc/dec engaged.
[    0.970991] AES CTR mode by8 optimization enabled
[    1.170134] input: ImExPS/2 Generic Explorer Mouse as /devices/platform/i8042/serio1/input/input4
[    1.399302] e1000 0000:00:03.0 eth0: (PCI:33MHz:32-bit) 02:c6:b0:25:69:cb
[    1.400608] e1000 0000:00:03.0 eth0: Intel(R) PRO/1000 Network Connection
[    2.008273] e1000 0000:00:08.0 eth1: (PCI:33MHz:32-bit) 08:00:27:f7:5a:84
[    2.009415] e1000 0000:00:08.0 eth1: Intel(R) PRO/1000 Network Connection
[    2.011663] mptbase: ioc0: Initiating bringup
[    2.012520] e1000 0000:00:08.0 enp0s8: renamed from eth1
[    2.027599] e1000 0000:00:03.0 enp0s3: renamed from eth0
[    2.501564] ioc0: LSI53C1030 A0: Capabilities={Initiator}
[    4.393295] scsi host2: ioc0: LSI53C1030 A0, FwRev=00000000h, Ports=1, MaxQ=256, IRQ=20
[    5.624373] scsi 2:0:0:0: Direct-Access     VBOX     HARDDISK         1.0  PQ: 0 ANSI: 5
[    5.660146] scsi target2:0:0: Beginning Domain Validation
[    5.662320] scsi target2:0:0: Domain Validation skipping write tests
[    5.663553] scsi target2:0:0: Ending Domain Validation
[    5.664748] scsi target2:0:0: asynchronous
[    5.665977] scsi 2:0:1:0: Direct-Access     VBOX     HARDDISK         1.0  PQ: 0 ANSI: 5
[    6.500215] scsi target2:0:1: Beginning Domain Validation
[    6.507463] random: fast init done
[    6.510209] scsi target2:0:1: Domain Validation skipping write tests
[    6.513522] scsi target2:0:1: Ending Domain Validation
[    6.516273] scsi target2:0:1: asynchronous
[    6.531036] random: systemd-udevd: uninitialized urandom read (16 bytes read)
[    6.534838] random: systemd-udevd: uninitialized urandom read (16 bytes read)
[    6.538555] random: systemd-udevd: uninitialized urandom read (16 bytes read)
[    6.542182] sd 2:0:0:0: [sda] 20971520 512-byte logical blocks: (10.7 GB/10.0 GiB)
[    6.545086] sd 2:0:0:0: [sda] Write Protect is off
[    6.546852] sd 2:0:0:0: Attached scsi generic sg0 type 0
[    6.548499] sd 2:0:0:0: [sda] Incomplete mode parameter data
[    6.549956] sd 2:0:0:0: [sda] Assuming drive cache: write through
[    6.552361] sd 2:0:1:0: [sdb] 20480 512-byte logical blocks: (10.5 MB/10.0 MiB)
[    6.554124] sd 2:0:1:0: [sdb] Write Protect is off
[    6.555991] sd 2:0:1:0: [sdb] Incomplete mode parameter data
[    6.557032] sd 2:0:1:0: [sdb] Assuming drive cache: write through
[    6.558296] sd 2:0:1:0: Attached scsi generic sg1 type 0
[    6.559704]  sda: sda1
[    6.561151] sd 2:0:0:0: [sda] Attached SCSI disk
[    6.563566] sd 2:0:1:0: [sdb] Attached SCSI disk
Begin: Loading essential drivers ... [    7.964076] raid6: sse2x1   gen() 11329 MB/s
[    8.012081] raid6: sse2x1   xor()  6619 MB/s
[    8.060038] raid6: sse2x2   gen() 13174 MB/s
[    8.108083] raid6: sse2x2   xor()  8399 MB/s
[    8.156084] raid6: sse2x4   gen() 13081 MB/s
[    8.204054] raid6: sse2x4   xor()  7881 MB/s
[    8.252074] raid6: avx2x1   gen() 19969 MB/s
[    8.300091] raid6: avx2x1   xor() 11575 MB/s
[    8.348049] raid6: avx2x2   gen() 24558 MB/s
[    8.396081] raid6: avx2x2   xor() 15359 MB/s
[    8.444046] raid6: avx2x4   gen() 25342 MB/s
[    8.492101] raid6: avx2x4   xor() 16577 MB/s
[    8.492762] raid6: using algorithm avx2x4 gen() 25342 MB/s
[    8.493527] raid6: .... xor() 16577 MB/s, rmw enabled
[    8.494237] raid6: using avx2x2 recovery algorithm
[    8.496265] xor: automatically using best checksumming function   avx       
[    8.498355] async_tx: api initialized (async)
done.
Begin: Running /scripts/init-premount ... done.
Begin: Mounting root file system ... Begin: Running /scripts/local-top ... done.
Begin: Running /scripts/local-premount ... [    8.544388] Btrfs loaded, crc32c=crc32c-intel
Scanning for Btrfs filesystems
done.
Warning: fsck not present, so skipping root file system
[    8.566768] EXT4-fs (sda1): mounted filesystem with ordered data mode. Opts: (null)
done.
Begin: Running /scripts/local-bottom ... done.
Begin: Running /scripts/init-bottom ... done.
[    8.726944] ip_tables: (C) 2000-2006 Netfilter Core Team
[    8.735928] systemd[1]: systemd 237 running in system mode. (+PAM +AUDIT +SELINUX +IMA +APPARMOR +SMACK +SYSVINIT +UTMP +LIBCRYPTSETUP +GCRYPT +GNUTLS +ACL +XZ +LZ4 +SECCOMP +BLKID +ELFUTILS +KMOD -IDN2 +IDN -PCRE2 default-hierarchy=hybrid)
[    8.739490] systemd[1]: Detected virtualization oracle.
[    8.740684] systemd[1]: Detected architecture x86-64.

Welcome to [1mUbuntu 18.04.5 LTS[0m!

[    8.746807] systemd[1]: Set hostname to <ubuntu>.
[    8.750070] systemd[1]: Initializing machine ID from random generator.
[    8.751017] systemd[1]: Installed transient /etc/machine-id file.
[    8.961099] systemd[1]: Set up automount Arbitrary Executable File Formats File System Automount Point.
[[0;32m  OK  [0m] Set up automount Arbitrary Executab…rmats File System Automount Point.
[    8.965379] systemd[1]: Created slice User and Session Slice.
[[0;32m  OK  [0m] Created slice User and Session Slice.
[    8.967416] systemd[1]: Reached target System Time Synchronized.
[[0;32m  OK  [0m] Reached target System Time Synchronized.
[    8.980369] systemd[1]: Started Forward Password Requests to Wall Directory Watch.
[[0;32m  OK  [0m] Started Forward Password Requests to Wall Directory Watch.
[[0;32m  OK  [0m] Reached target User and Group Name Lookups.
[[0;32m  OK  [0m] Reached target Swap.
[[0;32m  OK  [0m] Created slice System Slice.
[[0;32m  OK  [0m] Listening on Syslog Socket.
[[0;32m  OK  [0m] Listening on /dev/initctl Compatibility Named Pipe.
[[0;32m  OK  [0m] Listening on Journal Socket.
         Mounting Huge Pages File System...
         Starting Remount Root and Kernel File Systems...
         Starting Create list of required st…ce nodes for the current kernel...
         Starting Uncomplicated firewall...
[[0;32m  OK  [0m] Reached target Slices.
[[0;32m  OK  [0m] Listening on Journal Audit Socket.
[[0;32m  OK  [0m] Listening on Device-mapper event daemon FIFOs.
[    9.011460] EXT4-fs (sda1): re-mounted. Opts: (null)
[[0;32m  OK  [0m] Listening on udev Control Socket.
         Starting Load Kernel Modules...
[[0;32m  OK  [0m] Listening on LVM2 poll daemon socket.
         Mounting POSIX Message Queue File System...
[[0;32m  OK  [0m] Listening on udev Kernel Socket.
[[0;32m  OK  [0m] Listening on LVM2 metadata daemon socket.
         Starting udev Coldplug all Devices...
[[0;32m  OK  [0m] Listening on Network Service Netlink Socket.
         Starting Monitoring of LVM2 mirrors…ng dmeventd or progress polling...
[    9.029721] Loading iSCSI transport class v2.0-870.
[    9.035382] iscsi: registered transport (tcp)
         Starting Set the console keyboard layout...
         Mounting Kernel Debug File System...
[[0;32m  OK  [0m] Created slice system-serial\x2dgetty.slice.
[[0;32m  OK  [0m] Listening on Journal Socket (/de[    9.052914] iscsi: registered transport (iser)
v/log).
         Starting Journal Service...
[[0;32m  OK  [0m] Mounted Huge Pages File System.
[[0;32m  OK  [0m] Started Remount Root and Kernel File Systems.
[[0;32m  OK  [0m] Started Create list of required sta…vice nodes for the current kernel.
[[0;32m  OK  [0m] Started Uncomplicated firewall.
[[0;32m  OK  [0m] Started Load Kernel Modules.
[[0;32m  OK  [0m] Mounted POSIX Message Queue File System.
[[0;32m  OK  [0m] Mounted Kernel Debug File System.
         Mounting Kernel Configuration File System...
         Starting Apply Kernel Variables...
         Mounting FUSE Control File System...
         Starting Create Static Device Nodes in /dev...
         Starting Load/Save Random Seed...
[[0;32m  OK  [0m] Started Journal Service.
[[0;32m  OK  [0m] Started udev Coldplug all Devices.
[[0;32m  OK  [0m] Mounted Kernel Configuration File System.
[[0;32m  OK  [0m] Mounted FUSE Control File System.
[[0;32m  OK  [0m] Started Create Static Device Nodes in /dev.
[[0;32m  OK  [0m] Started Load/Save Random Seed.
[[0;32m  OK  [0m] Started Apply Kernel Variables.
[[0;32m  OK  [0m] Started LVM2 metadata daemon.
         Starting udev Kernel Device Manager...
         Starting Flush Journal to Persistent Storage...
[[0;32m  OK  [0m] Started udev Kernel Device Manager.
[[0;32m  OK  [0m] Started Monitoring of LVM2 mirrors,…sing dmeventd or progress polling.
[[0;32m  OK  [0m] Started Flush Journal to Persistent Storage.
[[0;32m  OK  [0m] Started Set the console keyboard layout.
[[0;32m  OK  [0m] Reached target Local File Systems (Pre).
[[0;32m  OK  [0m] Reached target Local File Systems.
         Starting Commit a transient machine-id on disk...
         Starting Tell Plymouth To Write Out Runtime Data...
         Starting Set console font and keymap...
         Starting ebtables ruleset management...
         Starting AppArmor initialization...
         Starting Create Volatile Files and Directories...
[[0;32m  OK  [0m] Started Dispatch Password Requests to Console Directory Watch.
[[0;32m  OK  [0m] Reached target Local Encrypted Volumes.
[[0;32m  OK  [0m] Started Tell Plymouth To Write Out Runtime Data.
[[0;32m  OK  [0m] Started Set console font and keymap.
[[0;32m  OK  [0m] Started Create Volatile Files and Directories.
         Starting Update UTMP about System Boot/Shutdown...
[[0;32m  OK  [0m] Started Update UTMP about System Boot/Shutdown.
[[0;32m  OK  [0m] Started Commit a transient machine-id on disk.
[[0;32m  OK  [0m] Started ebtables ruleset management.
[[0;32m  OK  [0m] Found device /dev/ttyS0.
[[0;32m  OK  [0m] Listening on Load/Save RF Kill Switch Status /dev/rfkill Watch.
[[0;32m  OK  [0m] Started AppArmor initialization.
         Starting Load AppArmor profiles managed internally by snapd...
         Starting Initial cloud-init job (pre-networking)...
[[0;32m  OK  [0m] Started Load AppArmor profiles managed internally by snapd.
[   11.166345] cloud-init[569]: Cloud-init v. 20.3-2-g371b392c-0ubuntu1~18.04.1 running 'init-local' at Sat, 17 Oct 2020 21:26:03 +0000. Up 10.85 seconds.
[[0;32m  OK  [0m] Started Initial cloud-init job (pre-networking).
[[0;32m  OK  [0m] Reached target Network (Pre).
         Starting Network Service...
[[0;32m  OK  [0m] Started Network Service.
         Starting Network Name Resolution...
         Starting Wait for Network to be Configured...
[[0;32m  OK  [0m] Started Network Name Resolution.
[[0;32m  OK  [0m] Reached target Host and Network Name Lookups.
[[0;32m  OK  [0m] Reached target Network.
[[0;32m  OK  [0m] Started Wait for Network to be Configured.
         Starting Initial cloud-init job (metadata service crawler)...
[   12.920922] cloud-init[681]: Cloud-init v. 20.3-2-g371b392c-0ubuntu1~18.04.1 running 'init' at Sat, 17 Oct 2020 21:26:05 +0000. Up 12.76 seconds.
[   12.922644] cloud-init[681]: ci-info: ++++++++++++++++++++++++++++++++++++++Net device info+++++++++++++++++++++++++++++++++++++++
[   12.924266] cloud-init[681]: ci-info: +--------+-------+----------------------------+---------------+--------+-------------------+
[   12.925675] cloud-init[681]: ci-info: | Device |   Up  |          Address           |      Mask     | Scope  |     Hw-Address    |
[   12.926946] cloud-init[681]: ci-info: +--------+-------+----------------------------+---------------+--------+-------------------+
[   12.928132] cloud-init[681]: ci-info: | enp0s3 |  True |         10.0.2.15          | 255.255.255.0 | global | 02:c6:b0:25:69:cb |
[   12.929675] cloud-init[681]: ci-info: | enp0s3 |  True | fe80::c6:b0ff:fe25:69cb/64 |       .       |  link  | 02:c6:b0:25:69:cb |
[   12.931141] cloud-init[681]: ci-info: | enp0s8 | False |             .              |       .       |   .    | 08:00:27:f7:5a:84 |
[   12.932748] cloud-init[681]: ci-info: |   lo   |  True |         127.0.0.1          |   255.0.0.0   |  host  |         .         |
[   12.934270] cloud-init[681]: ci-info: |   lo   |  True |          ::1/128           |       .       |  host  |         .         |
[   12.935762] cloud-init[681]: ci-info: +--------+-------+----------------------------+---------------+--------+-------------------+
[   12.937257] cloud-init[681]: ci-info: ++++++++++++++++++++++++++++Route IPv4 info+++++++++++++++++++++++++++++
[   12.938506] cloud-init[681]: ci-info: +-------+-------------+----------+-----------------+-----------+-------+
[   12.939853] cloud-init[681]: ci-info: | Route | Destination | Gateway  |     Genmask     | Interface | Flags |
[   12.941366] cloud-init[681]: ci-info: +-------+-------------+----------+-----------------+-----------+-------+
[   12.952260] cloud-init[681]: ci-info: |   0   |   0.0.0.0   | 10.0.2.2 |     0.0.0.0     |   enp0s3  |   UG  |
[   12.953696] cloud-init[681]: ci-info: |   1   |   10.0.2.0  | 0.0.0.0  |  255.255.255.0  |   enp0s3  |   U   |
[   12.955520] cloud-init[681]: ci-info: |   2   |   10.0.2.2  | 0.0.0.0  | 255.255.255.255 |   enp0s3  |   UH  |
[   12.957481] cloud-init[681]: ci-info: +-------+-------------+----------+-----------------+-----------+-------+
[   12.959327] cloud-init[681]: ci-info: +++++++++++++++++++Route IPv6 info+++++++++++++++++++
[   12.960552] cloud-init[681]: ci-info: +-------+-------------+---------+-----------+-------+
[   12.961953] cloud-init[681]: ci-info: | Route | Destination | Gateway | Interface | Flags |
[   12.964807] cloud-init[681]: ci-info: +-------+-------------+---------+-----------+-------+
[   12.966235] cloud-init[681]: ci-info: |   1   |  fe80::/64  |    ::   |   enp0s3  |   U   |
[   12.967495] cloud-init[681]: ci-info: |   3   |    local    |    ::   |   enp0s3  |   U   |
[   12.970461] cloud-init[681]: ci-info: |   4   |   ff00::/8  |    ::   |   enp0s3  |   U   |
[   12.971574] cloud-init[681]: ci-info: +-------+-------------+---------+-----------+-------+
[   13.663327] cloud-init[681]: Generating public/private rsa key pair.
[   13.664149] cloud-init[681]: Your identification has been saved in /etc/ssh/ssh_host_rsa_key.
[   13.665205] cloud-init[681]: Your public key has been saved in /etc/ssh/ssh_host_rsa_key.pub.
[   13.666157] cloud-init[681]: The key fingerprint is:
[   13.666785] cloud-init[681]: SHA256:0F84sY1qqqg4US7ClkJXPImQEHblhzEx1eSSq6SFRNI root@ubuntu-bionic
[   13.667642] cloud-init[681]: The key's randomart image is:
[   13.668341] cloud-init[681]: +---[RSA 2048]----+
[   13.668944] cloud-init[681]: |+=+o+*+.o..      |
[   13.669546] cloud-init[681]: |..+E.==.o. *     |
[   13.680555] cloud-init[681]: |   ..oo+..= o    |
[   13.681298] cloud-init[681]: | .o.. ..oo o     |
[   13.681911] cloud-init[681]: |ooo. o .S .      |
[   13.682510] cloud-init[681]: |=+. + .o         |
[   13.683100] cloud-init[681]: |+o . ..          |
[   13.683837] cloud-init[681]: |o  . .           |
[   13.684600] cloud-init[681]: |oo. .            |
[   13.685348] cloud-init[681]: +----[SHA256]-----+
[   13.686081] cloud-init[681]: Generating public/private dsa key pair.
[   13.686995] cloud-init[681]: Your identification has been saved in /etc/ssh/ssh_host_dsa_key.
[   13.688207] cloud-init[681]: Your public key has been saved in /etc/ssh/ssh_host_dsa_key.pub.
[   13.689349] cloud-init[681]: The key fingerprint is:
[   13.690148] cloud-init[681]: SHA256:DpX31+lSSwcU/1YMFHZC/RapIXxtYXvH/6OGLFztZAs root@ubuntu-bionic
[   13.691370] cloud-init[681]: The key's randomart image is:
[   13.692014] cloud-init[681]: +---[DSA 1024]----+
[   13.692714] cloud-init[681]: |          .  o@*+|
[   13.693409] cloud-init[681]: |         . o =.%o|
[   13.694152] cloud-init[681]: |        o . o =.X|
[   13.694763] cloud-init[681]: |       . . . . oX|
[   13.695360] cloud-init[681]: |      . S   o .=*|
[   13.696066] cloud-init[681]: |       o   E =+.+|
[   13.696780] cloud-init[681]: |        o o *..+.|
[   13.697457] cloud-init[681]: |         o o +o .|
[   13.698154] cloud-init[681]: |          . ..   |
[   13.698870] cloud-init[681]: +----[SHA256]-----+
[   13.708247] cloud-init[681]: Generating public/private ecdsa key pair.
[   13.709077] cloud-init[681]: Your identification has been saved in /etc/ssh/ssh_host_ecdsa_key.
[   13.710124] cloud-init[681]: Your public key has been saved in /etc/ssh/ssh_host_ecdsa_key.pub.
[   13.711310] cloud-init[681]: The key fingerprint is:
[   13.712239] cloud-init[681]: SHA256:QP3mee1pcZyS2mTJDKEAy0+1OfxgEpHyWBxzeVICalU root@ubuntu-bionic
[   13.713500] cloud-init[681]: The key's randomart image is:
[   13.714209] cloud-init[681]: +---[ECDSA 256]---+
[   13.715089] cloud-init[681]: |     .+O*Eo.     |
[   13.716112] cloud-init[681]: |    .o+=Bo+o     |
[   13.716891] cloud-init[681]: |     =*o.O+ .    |
[   13.717639] cloud-init[681]: |    ..ooo.*.     |
[   13.718468] cloud-init[681]: |       .So o+.o..|
[   13.719279] cloud-init[681]: |          o .Oo.o|
[   13.720246] cloud-init[681]: |           .=..+ |
[   13.721044] cloud-init[681]: |           . .+  |
[   13.721790] cloud-init[681]: |             .   |
[[0;32m  OK  [0m[   13.723313] cloud-init[681]: +----[SHA256]-----+
[   13.723551] cloud-init[681]: Generating public/private ed25519 key pair.
[   13.723954] cloud-init[681]: Your identification has been saved in /etc/ssh/ssh_host_ed25519_key.
[   13.724489] cloud-init[681]: Your public key has been saved in /etc/ssh/ssh_host_ed25519_key.pub.
[   13.724885] cloud-init[681]: The key fingerprint is:
[   13.725496] cloud-init[681]: SHA256:UE8F1WONWV4W8AamHAjv6XSbuaATimVh5NZ6Roplnf4 root@ubuntu-bionic
[   13.725569] cloud-init[681]: The key's randomart image is:
[   13.725719] cloud-init[681]: +--[ED25519 256]--+
] [   13.725796] Started Initial cloud-init job (metadata service crawler).cloud-init[681]: 
|       .o +=o=.*=|
[[0;32m  OK  [0m[   13.730833] ] cloud-initReached target System Initialization.[681]: 
|     . ..+. + Ooo|
[   13.732643] cloud-init[681]: |    o + ...o . +.|
[[0;32m  OK  [0m] Listening on UUID daemon activation socket.
[   13.737085] cloud-init[681]: |     B *. .   .  |
[[0;32m  OK  [0m] Started ACPI Events Check.
[   13.738382] [[0;32m  OK  [0m] Started Daily Cleanup of Temporary Directories.
cloud-init[681]: |    * * S+ .     |         Starting Socket activation for snappy daemon.
[[0;32m  OK  [0m] Listening on D-Bus System Message Bus Socket.
[[0;32m  OK  [0m] Listening on Open-iSCSI iscsid Socket.
[[0;32m  OK  [0m] Reached target Paths.

[   13.742517] cloud-init[681]: |   . = =o . +    |         Starting LXD - unix socket.

[   13.746675] [[0;32m  OK  [0m] Started Discard unused blocks once a week.
[[0;32m  OK  [0m] Listening on ACPID Listen Socket.
[[0;32m  OK  [0m] Started Message of the Day.
cloud-init[681]: |    + + oo +     |
[[0;32m  OK  [0m] Started Daily apt download activities.
[   13.753213] [[0;32m  OK  [0m] Started Daily apt upgrade and clean activities.
[[0;32m  OK  [0m] Reached target Timers.
[[0;32m  OK  [0m] Reached target Network is Online.
cloud-init[681]: |   . . ..E. .    |
         Starting Availability of block devices...
[[0;32m  OK  [0m] Reached target Remote File Systems (Pre).
[[0;32m  OK  [0m] Reached target Remote File Systems.
[[0;32m  OK  [0m] Reached target Cloud-config availability.
[[0;32m  OK  [0m] Listening on Socket activation for snappy daemon.
[[0;32m  OK  [0m] Listening on LXD - unix socket.
[[0;32m  OK  [0m] Reached target Sockets.
[[0;32m  OK  [0m] Reached target Basic System.
         Starting Login Service...
         Starting LSB: automatic crash report generation...
         Starting LSB: Record successful boot for GRUB...
[[0;32m  OK  [0m] Started irqbalance daemon.
[   13.774815] cloud-init[[0;32m  OK  [0m] Started Regular background program processing daemon.
[681]: |       ..  .     |[[0;32m  OK  [0m] Started D-Bus System Message Bus.

[   13.779772] cloud-init[681]: +----[SHA256]-----+
[[0;32m  OK  [0m] Started FUSE filesystem for LXC.
         Starting LXD - container startup/shutdown...
         Starting Accounts Service...
         Starting Virtualbox guest utils...
         Starting System Logging Service...
         Starting Dispatcher daemon for systemd-networkd...
[[0;32m  OK  [0m] Started Deferred execution scheduler.
         Starting Snap Daemon...
         Starting Permit User Sessions...
         Starting Pollinate to seed the pseudo random number generator...
[[0;32m  OK  [0m] Started System Logging Service.
[[0;32m  OK  [0m] Started Availability of block devices.
[[0;32m  OK  [0m] Started Login Service.
[[0;32m  OK  [0m] Started Unattended Upgrades Shutdown.
[[0;32m  OK  [0m] Started Permit User Sessions.
         Starting Terminate Plymouth Boot Screen...
         Starting Hold until boot process finishes up...
         Starting Authorization Manager...
[[0;32m  OK  [0m] Started Hold until boot process finishes up.
         Starting Set console scheme...
[[0;32m  OK  [0m] Started Serial Getty on ttyS0.
[[0;32m  OK  [0m] Started Terminate Plymouth Boot Screen.
[[0;32m  OK  [0m] Started LSB: automatic crash report generation.
[[0;32m  OK  [0m] Started LXD - container startup/shutdown.
[[0;32m  OK  [0m] Started Set console scheme.
[[0;32m  OK  [0m] Created slice system-getty.slice.
[[0;32m  OK  [0m] Started Getty on tty1.
[[0;32m  OK  [0m] Reached target Login Prompts.
[[0;32m  OK  [0m] Started LSB: Record successful boot for GRUB.
[[0;32m  OK  [0m] Started Authorization Manager.
[[0;32m  OK  [0m] Started Accounts Service.
[[0;32m  OK  [0m] Started Virtualbox guest utils.
[[0;32m  OK  [0m] Started Dispatcher daemon for systemd-networkd.
[[0;32m  OK  [0m] Started Snap Daemon.
         Starting Wait until snapd is fully seeded...
[[0;32m  OK  [0m] Started Pollinate to seed the pseudo random number generator.
         Starting OpenBSD Secure Shell server...
[[0;32m  OK  [0m] Started OpenBSD Secure Shell server.
[[0;32m  OK  [0m] Created slice User Slice of vagrant.
         Starting User Manager for UID 1000...
[[0;32m  OK  [0m] Started Session 1 of user vagrant.
[[0;32m  OK  [0m] Started User Manager for UID 1000.
[[0;32m  OK  [0m] Started Wait until snapd is fully seeded.
         Starting Apply the settings specified in cloud-config...
[[0;32m  OK  [0m] Reached target Multi-User System.
[[0;32m  OK  [0m] Reached target Graphical Interface.
         Starting Update UTMP about System Runlevel Changes...
[[0;32m  OK  [0m] Started Update UTMP about System Runlevel Changes.
[   16.882381] cloud-init[1232]: Cloud-init v. 20.3-2-g371b392c-0ubuntu1~18.04.1 running 'modules:config' at Sat, 17 Oct 2020 21:26:09 +0000. Up 16.29 seconds.
[[0;32m  OK  [0m] Started Apply the settings specified in cloud-config.
         Starting Execute cloud user/final scripts...
ci-info: no authorized SSH keys fingerprints found for user ubuntu.
<14>Oct 17 21:26:10 ec2: 
<14>Oct 17 21:26:10 ec2: #############################################################
<14>Oct 17 21:26:10 ec2: -----BEGIN SSH HOST KEY FINGERPRINTS-----
<14>Oct 17 21:26:10 ec2: 1024 SHA256:DpX31+lSSwcU/1YMFHZC/RapIXxtYXvH/6OGLFztZAs root@ubuntu-bionic (DSA)
<14>Oct 17 21:26:10 ec2: 256 SHA256:QP3mee1pcZyS2mTJDKEAy0+1OfxgEpHyWBxzeVICalU root@ubuntu-bionic (ECDSA)
<14>Oct 17 21:26:10 ec2: 256 SHA256:UE8F1WONWV4W8AamHAjv6XSbuaATimVh5NZ6Roplnf4 root@ubuntu-bionic (ED25519)
<14>Oct 17 21:26:10 ec2: 2048 SHA256:0F84sY1qqqg4US7ClkJXPImQEHblhzEx1eSSq6SFRNI root@ubuntu-bionic (RSA)
<14>Oct 17 21:26:10 ec2: -----END SSH HOST KEY FINGERPRINTS-----
<14>Oct 17 21:26:10 ec2: #############################################################
-----BEGIN SSH HOST KEY KEYS-----
ecdsa-sha2-nistp256 AAAAE2VjZHNhLXNoYTItbmlzdHAyNTYAAAAIbmlzdHAyNTYAAABBBC7J7tdcufrhXbe5oqz8W9ncJeI1kVkiBFw7iufl013u1xT2ZmuSO+5Hqr7VmQtG0aFGaKJQVDACn5Pwk1Iixlc= root@ubuntu-bionic
ssh-ed25519 AAAAC3NzaC1lZDI1NTE5AAAAIPlPuxUGtd/q3bp/LiBGGv3MzcddNhhOOSnx0qvLAZKG root@ubuntu-bionic
ssh-rsa AAAAB3NzaC1yc2EAAAADAQABAAABAQDc8WV38LIchES9p9zH9W7zJ2gAvLGyK9K6RCu9lcpjRe6VkKZileDWt6ezhx/FkToHajIKlaA5HXCLAPnTax4/KQCopNoqMq0EF16Iyn5RZ9aqfv7snHwX9gO9oo5QuDLRe6wlv5ZHlCt7oN74NdQJj8FZG1iTufBgyswNiMRq5rm5gb4GUD5xnM+4koQmQoUwiocZEOB4HqcKUc/VkQ3NdTIdO9KF3u2ODVb4gU34+ZlJL5XpOqd4ceICsCHaYmQO1ME8ZDRuCHa4BRk85j7RecvlyFjyw1mT4wGu1ytyNVTVoiUEjaXDo8N1Gy2DnJ2o78mj/CcM2eFyimGugftL root@ubuntu-bionic
-----END SSH HOST KEY KEYS-----
[   17.582092] cloud-init[1363]: Cloud-init v. 20.3-2-g371b392c-0ubuntu1~18.04.1 running 'modules:final' at Sat, 17 Oct 2020 21:26:10 +0000. Up 17.39 seconds.
[   17.586922] cloud-init[1363]: ci-info: no authorized SSH keys fingerprints found for user ubuntu.
[   17.588409] cloud-init[1363]: Cloud-init v. 20.3-2-g371b392c-0ubuntu1~18.04.1 finished at Sat, 17 Oct 2020 21:26:10 +0000. Datasource DataSourceNoCloud [seed=/dev/sdb][dsmode=net].  Up 17.57 seconds
[[0;32m  OK  [0m] Started Execute cloud user/final scripts.
[[0;32m  OK  [0m] Reached target Cloud-init target.

Ubuntu 18.04.5 LTS node-2 ttyS0

node-2 login: 